#
# A fatal error has been detected by the Java Runtime Environment:
#
#  EXCEPTION_ACCESS_VIOLATION (0xc0000005) at pc=0x00007ffdd86800cd, pid=7164, tid=8120
#
# JRE version: OpenJDK Runtime Environment Temurin-21.0.3+9 (21.0.3+9) (build 21.0.3+9-LTS)
# Java VM: OpenJDK 64-Bit Server VM Temurin-21.0.3+9 (21.0.3+9-LTS, mixed mode, tiered, compressed oops, compressed class ptrs, g1 gc, windows-amd64)
# Problematic frame:
# V  [jvm.dll+0x5d00cd]
#
# No core dump will be written. Minidumps are not enabled by default on client versions of Windows
#
# If you would like to submit a bug report, please visit:
#   https://github.com/adoptium/adoptium-support/issues
#

---------------  S U M M A R Y ------------

Command Line: -XX:+ShowCodeDetailsInExceptionMessages -agentlib:jdwp=transport=dt_socket,suspend=y,address=localhost:51028 -javaagent:C:\Users\lotte4\eclipse\configuration\org.eclipse.osgi\448\0\.cp\lib\javaagent-shaded.jar -Dfile.encoding=UTF-8 -Dstdout.encoding=UTF-8 -Dstderr.encoding=UTF-8 sub2.MethodTest

Host: Intel(R) Core(TM) i7-9700 CPU @ 3.00GHz, 8 cores, 15G,  Windows 10 , 64 bit Build 19041 (10.0.19041.3636)
Time: Tue Jul  2 11:05:30 2024  Windows 10 , 64 bit Build 19041 (10.0.19041.3636) elapsed time: 1481.481525 seconds (0d 0h 24m 41s)

---------------  T H R E A D  ---------------

Current thread (0x00000215f3cc75b0):  JavaThread "main"             [_thread_in_vm, id=8120, stack(0x0000007d54c00000,0x0000007d54d00000) (1024K)]

Stack: [0x0000007d54c00000,0x0000007d54d00000],  sp=0x0000007d54cfefc0,  free space=1019k
Native frames: (J=compiled Java code, j=interpreted, Vv=VM code, C=native code)
V  [jvm.dll+0x5d00cd]
V  [jvm.dll+0x3d4505]
V  [jvm.dll+0x3d3b7d]
C  0x0000021587554095

The last pc belongs to invokevirtual (printed below).
Java frames: (J=compiled Java code, j=interpreted, Vv=VM code)
j  sub2.MethodTest.main([Ljava/lang/String;)V+24
v  ~StubRoutines::call_stub 0x000002158753100d

siginfo: EXCEPTION_ACCESS_VIOLATION (0xc0000005), reading address 0x000000000000000d


Registers:
RAX=0x0000007d54cff018, RBX=0x00000215f3a72450, RCX=0x0000007d54cfef90, RDX=0x0000007d54cfef90
RSP=0x0000007d54cfefc0, RBP=0x0000007d54cff009, RSI=0x00000215f3cc75b0, RDI=0x0000000000000005
R8 =0x0000000000000000, R9 =0x000002159193fb70, R10=0x00000215f3a77c00, R11=0x0000000000000000
R12=0x0000000000000000, R13=0x00000215919406d0, R14=0x0000007d54cff130, R15=0x00000215919406d0
RIP=0x00007ffdd86800cd, EFLAGS=0x0000000000010202


Register to memory mapping:

RAX=0x0000007d54cff018 is pointing into the stack for thread: 0x00000215f3cc75b0
RBX=0x00000215f3a72450 points into unknown readable memory: 0x0000000000000005 | 05 00 00 00 00 00 00 00
RCX=0x0000007d54cfef90 is pointing into the stack for thread: 0x00000215f3cc75b0
RDX=0x0000007d54cfef90 is pointing into the stack for thread: 0x00000215f3cc75b0
RSP=0x0000007d54cfefc0 is pointing into the stack for thread: 0x00000215f3cc75b0
RBP=0x0000007d54cff009 is pointing into the stack for thread: 0x00000215f3cc75b0
RSI=0x00000215f3cc75b0 is a thread
RDI=0x0000000000000005 is an unknown value
R8 =0x0 is null
R9 =0x000002159193fb70 is pointing into metadata
R10=0x00000215f3a77c00 points into unknown readable memory: 0x0000002000000002 | 02 00 00 00 20 00 00 00
R11=0x0 is null
R12=0x0 is null
R13=0x00000215919406d0 is pointing into metadata
R14=0x0000007d54cff130 is pointing into the stack for thread: 0x00000215f3cc75b0
R15=0x00000215919406d0 is pointing into metadata

Top of Stack: (sp=0x0000007d54cfefc0)
0x0000007d54cfefc0:   00000215f3a72450 0000007d54cff009
0x0000007d54cfefd0:   00000215f3cc75b0 0000001500000014
0x0000007d54cfefe0:   00000215f3cc750a 000000030000000e
0x0000007d54cfeff0:   00000215ff31a878 0000000000000000
0x0000007d54cff000:   00000000000000b6 00007ffdd83c1e5f
0x0000007d54cff010:   00007ffe3d2b03a0 00000215ff3225f8
0x0000007d54cff020:   00000215ff328838 0000000800070448
0x0000007d54cff030:   00000008000c4800 0000000000000000
0x0000007d54cff040:   0000000000000000 00000215000a0101
0x0000007d54cff050:   0000007d54cff160 00007ffdd8484505
0x0000007d54cff060:   0000000000000001 00000215f3cc75b0
0x0000007d54cff070:   00000215f3a72450 00000000000000b6
0x0000007d54cff080:   00000215000000b6 00000215f3cc75b0
0x0000007d54cff090:   0000021591940728 00000215f3cc75b0
0x0000007d54cff0a0:   0000000000000000 0000000000000000
0x0000007d54cff0b0:   000002159193fb70 00000215f3cc75b0
0x0000007d54cff0c0:   00000215919406d0 00000215000000b6
0x0000007d54cff0d0:   0000021591940728 0000000000000000
0x0000007d54cff0e0:   0000020000000000 0000007d54cff418
0x0000007d54cff0f0:   0000007d54cff3b8 0000007d54cff3b8
0x0000007d54cff100:   000002158755403d 0000021587538190
0x0000007d54cff110:   0000000000000000 0000020000000000
0x0000007d54cff120:   0000007d54cff418 0000007d54cff3b8
0x0000007d54cff130:   00000215f3a836e0 0000000000000000
0x0000007d54cff140:   0000000000000000 0000000000000000
0x0000007d54cff150:   0000000000000000 00000215f3a72050
0x0000007d54cff160:   0000000000000000 0000000000000000
0x0000007d54cff170:   00000215f3cc75b0 00000215919406d0
0x0000007d54cff180:   0000007d54cff440 00000215f3cc75b0
0x0000007d54cff190:   0000000000000000 00000000000000b6
0x0000007d54cff1a0:   0000007d54cff2b0 00007ffdd8483b7d
0x0000007d54cff1b0:   000002159193fb70 0000000000000000 

Instructions: (pc=0x00007ffdd86800cd)
0x00007ffdd867ffcd:   03 d1 ff e2 48 8b 5d 7f 48 8d 4d 0f 41 b9 b8 00
0x00007ffdd867ffdd:   00 00 48 89 5c 24 20 45 8b c2 49 8b d3 e8 e1 cf
0x00007ffdd867ffed:   ff ff 48 83 7b 08 00 0f 85 34 02 00 00 4c 8b cb
0x00007ffdd867fffd:   48 8d 55 0f 41 b0 01 49 8b ce e8 84 10 00 00 e9
0x00007ffdd868000d:   1d 02 00 00 48 8b 7d 7f 48 8d 4d 0f 41 b9 b7 00
0x00007ffdd868001d:   00 00 48 89 7c 24 20 45 8b c2 49 8b d3 e8 a1 cf
0x00007ffdd868002d:   ff ff 48 83 7f 08 00 0f 85 f4 01 00 00 48 8b d7
0x00007ffdd868003d:   48 8d 4d 0f e8 7a df ff ff 48 83 7f 08 00 0f 85
0x00007ffdd868004d:   dd 01 00 00 48 89 45 ff 48 89 7d 07 48 85 c0 74
0x00007ffdd868005d:   14 48 8b 8f 28 03 00 00 48 8d 55 f7 48 89 45 f7
0x00007ffdd868006d:   e8 6e 94 a3 ff 4c 8b cb 48 89 7c 24 20 4c 8d 45
0x00007ffdd868007d:   ff 49 8b ce 48 8d 55 0f e8 b6 19 00 00 e9 96 01
0x00007ffdd868008d:   00 00 48 8b 75 7f 48 8d 4d 0f 41 b9 b6 00 00 00
0x00007ffdd868009d:   48 89 74 24 20 45 8b c2 49 8b d3 e8 23 cf ff ff
0x00007ffdd86800ad:   48 83 7e 08 00 0f 85 76 01 00 00 48 85 db 75 04
0x00007ffdd86800bd:   33 ff eb 25 80 3d 52 e5 64 00 00 48 8b 3b 74 15
0x00007ffdd86800cd:   8b 7f 08 8b 0d e2 ce 64 00 48 d3 e7 48 03 3d d0
0x00007ffdd86800dd:   ce 64 00 eb 04 48 8b 7f 08 48 8b d6 48 8d 4d 0f
0x00007ffdd86800ed:   e8 2e e4 ff ff 48 83 7e 08 00 0f 85 31 01 00 00
0x00007ffdd86800fd:   48 89 45 ff 48 89 75 07 48 85 c0 74 14 48 8b 8e
0x00007ffdd868010d:   28 03 00 00 48 8d 55 f7 48 89 45 f7 e8 c2 93 a3
0x00007ffdd868011d:   ff 4c 8b 45 1f 48 8d 55 ff 48 89 74 24 30 4c 8b
0x00007ffdd868012d:   cb c6 44 24 28 01 49 8b ce 48 89 7c 24 20 e8 a0
0x00007ffdd868013d:   1e 00 00 e9 e0 00 00 00 4c 8b 4d 7f 45 8b c2 49
0x00007ffdd868014d:   8b d3 49 8b ce e8 69 03 00 00 e9 db 00 00 00 4c
0x00007ffdd868015d:   8b 4d 7f 45 8b c2 49 8b d3 49 8b ce e8 42 01 00
0x00007ffdd868016d:   00 e9 c4 00 00 00 48 8b 75 7f 48 8d 4d 0f 41 b9
0x00007ffdd868017d:   b9 00 00 00 48 89 74 24 20 45 8b c2 49 8b d3 e8
0x00007ffdd868018d:   3f ce ff ff 48 83 7e 08 00 0f 85 92 00 00 00 48
0x00007ffdd868019d:   85 db 75 04 33 ff eb 25 80 3d 6e e4 64 00 00 48
0x00007ffdd86801ad:   8b 3b 74 15 8b 7f 08 8b 0d fe cd 64 00 48 d3 e7
0x00007ffdd86801bd:   48 03 3d ec cd 64 00 eb 04 48 8b 7f 08 4c 8b c6 


Stack slot to memory mapping:

stack at sp + 0 slots: 0x00000215f3a72450 points into unknown readable memory: 0x0000000000000005 | 05 00 00 00 00 00 00 00
stack at sp + 1 slots: 0x0000007d54cff009 is pointing into the stack for thread: 0x00000215f3cc75b0
stack at sp + 2 slots: 0x00000215f3cc75b0 is a thread
stack at sp + 3 slots: 0x0000001500000014 is an unknown value
stack at sp + 4 slots: 0x00000215f3cc750a points into unknown readable memory: 00 00 00 00 00 00
stack at sp + 5 slots: 0x000000030000000e is an unknown value
stack at sp + 6 slots: 0x00000215ff31a878 points into unknown readable memory: 0x616a0010821fffff | ff ff 1f 82 10 00 6a 61
stack at sp + 7 slots: 0x0 is null

invokevirtual  182 invokevirtual  [0x0000021587553fe0, 0x0000021587554580]  1440 bytes
[MachCode]
  0x0000021587553fe0: 4883 ec08 | c5fa 1104 | 24eb 1f48 | 83ec 10c5 | fb11 0424 | eb14 4883 | ec10 4889 | 0424 48c7 
  0x0000021587554000: 4424 0800 | 0000 00eb | 0150 4c89 | 6dc0 410f | b755 0148 | 8b4d d0c1 | e202 8b5c | d138 c1eb 
  0x0000021587554020: 1881 e3ff | 0000 0081 | fbb6 0000 | 000f 846b | 0100 00bb | b600 0000 | e805 0000 | 00e9 5001 
  0x0000021587554040: 0000 488b | d348 8d44 | 2408 4c89 | 6dc0 498b | cfc5 f877 | 4989 afa8 | 0300 0049 | 8987 9803 
  0x0000021587554060: 0000 4883 | ec20 40f6 | c40f 0f84 | 1900 0000 | 4883 ec08 | 48b8 103b | 48d8 fd7f | 0000 ffd0 
  0x0000021587554080: 4883 c408 | e90c 0000 | 0048 b810 | 3b48 d8fd | 7f00 00ff | d048 83c4 | 2049 c787 | 9803 0000 
  0x00000215875540a0: 0000 0000 | 49c7 87a8 | 0300 0000 | 0000 0049 | c787 a003 | 0000 0000 | 0000 c5f8 | 7741 8b8f 
  0x00000215875540c0: 2c05 0000 | f6c1 010f | 8442 0000 | 00f6 c102 | 0f85 3900 | 0000 4883 | ec20 40f6 | c40f 0f84 
  0x00000215875540e0: 1900 0000 | 4883 ec08 | 48b8 20e5 | 47d8 fd7f | 0000 ffd0 | 4883 c408 | e90c 0000 | 0048 b820 
  0x0000021587554100: e547 d8fd | 7f00 00ff | d048 83c4 | 20ff e049 | 8b8f d805 | 0000 4885 | c90f 8455 | 0000 008b 
  0x0000021587554120: 899c 0000 | 0083 f901 | 0f85 4600 | 0000 498b | 8fd8 0500 | 008b 89a0 | 0000 0048 | 83ec 2040 
  0x0000021587554140: f6c4 0f0f | 8419 0000 | 0048 83ec | 0848 b810 | e547 d8fd | 7f00 00ff | d048 83c4 | 08e9 0c00 
  0x0000021587554160: 0000 48b8 | 10e5 47d8 | fd7f 0000 | ffd0 4883 | c420 ffe0 | 4983 7f08 | 000f 8405 | 0000 00e9 
  0x0000021587554180: 7ccd fdff | 4c8b 6dc0 | 4c8b 75c8 | 4e8d 74f5 | 00c3 410f | b755 0148 | 8b4d d0c1 | e202 488b 
  0x00000215875541a0: 5cd1 488b | 54d1 508b | ca81 e1ff | 0000 0048 | 8b4c ccf8 | 448b eac1 | ea1c 49ba | 301a d6d8 
  0x00000215875541c0: fd7f 0000 | 498b 14d2 | 5241 8bd5 | 4c8b 6dc0 | 8bc2 2500 | 0010 000f | 8485 0100 | 0048 3b01 
  0x00000215875541e0: 488b 45d8 | 4885 c00f | 8412 0000 | 0048 8340 | 0801 4883 | 5808 0048 | 83c0 3848 | 8945 d848 
  0x0000021587554200: 8b45 d848 | 85c0 0f84 | 3d01 0000 | 8078 c80b | 0f85 3301 | 0000 4883 | c008 4c8b | 68f8 4183 
  0x0000021587554220: ed00 4183 | fd02 0f8c | 1201 0000 | 4c8b 6b08 | 450f b76d | 2e4c 2b28 | 4183 ed01 | 4e8b 6cec 
  0x0000021587554240: 084d 85ed | 750e f640 | 0801 7558 | f048 8348 | 0801 eb50 | 458b 6d08 | 49ba 0000 | 0000 0800 
  0x0000021587554260: 0000 4d03 | ea4d 8bd5 | 4c33 6808 | 49f7 c5fc | ffff ff74 | 2f41 f6c5 | 0275 2948 | 8378 0800 
  0x0000021587554280: 741e 4883 | 7808 0174 | 174d 8bea | 4c33 6808 | 49f7 c5fc | ffff ff74 | 0b48 8348 | 0802 eb04 
  0x00000215875542a0: 4c89 6808 | 4883 c010 | 4c8b 68e8 | 4183 ed02 | 4183 fd02 | 0f8c 8400 | 0000 4c8b | 6b08 450f 
  0x00000215875542c0: b76d 2e4c | 2b28 4183 | ed01 4e8b | 6cec 084d | 85ed 750e | f640 0801 | 7558 f048 | 8348 0801 
  0x00000215875542e0: eb50 458b | 6d08 49ba | 0000 0000 | 0800 0000 | 4d03 ea4d | 8bd5 4c33 | 6808 49f7 | c5fc ffff 
  0x0000021587554300: ff74 2f41 | f6c5 0275 | 2948 8378 | 0800 741e | 4883 7808 | 0174 174d | 8bea 4c33 | 6808 49f7 
  0x0000021587554320: c5fc ffff | ff74 0b48 | 8348 0802 | eb04 4c89 | 6808 4883 | c010 4c8b | 68d8 4183 | ed04 41c1 
  0x0000021587554340: e503 4903 | c548 8945 | d84c 8d6c | 2408 4c89 | 6df0 4180 | bfe0 0500 | 0000 7403 | ff63 38ff 
  0x0000021587554360: 6350 8b41 | 0849 ba00 | 0000 0008 | 0000 0049 | 03c2 4c8b | 75d8 4d85 | f60f 8495 | 0000 0049 
  0x0000021587554380: 8b56 1848 | 3bd0 0f85 | 0f00 0000 | 4983 4620 | 0149 835e | 2000 e971 | 0000 0048 | 85d2 0f84 
  0x00000215875543a0: 4200 0000 | 498b 5628 | 483b d00f | 850f 0000 | 0049 8346 | 3001 4983 | 5e30 00e9 | 4c00 0000 
  0x00000215875543c0: 4885 d274 | 0f49 8346 | 0801 4983 | 5e08 00e9 | 3800 0000 | 4989 4628 | ba01 0000 | 0049 8956 
  0x00000215875543e0: 30e9 2600 | 0000 493b | 4628 0f85 | 0f00 0000 | 4983 4630 | 0149 835e | 3000 e90d | 0000 0049 
  0x0000021587554400: 8946 18ba | 0100 0000 | 4989 5620 | 4983 c638 | 4c89 75d8 | 488b 9cd8 | c801 0000 | 488b 55d8 
  0x0000021587554420: 4885 d20f | 843d 0100 | 0080 7ac8 | 0b0f 8533 | 0100 0048 | 83c2 084c | 8b6a f841 | 83ed 0041 
  0x0000021587554440: 83fd 020f | 8c12 0100 | 004c 8b6b | 0845 0fb7 | 6d2e 4c2b | 2a41 83ed | 014e 8b6c | ec08 4d85 
  0x0000021587554460: ed75 0ef6 | 4208 0175 | 58f0 4883 | 4a08 01eb | 5045 8b6d | 0849 ba00 | 0000 0008 | 0000 004d 
  0x0000021587554480: 03ea 4d8b | d54c 336a | 0849 f7c5 | fcff ffff | 742f 41f6 | c502 7529 | 4883 7a08 | 0074 1e48 
  0x00000215875544a0: 837a 0801 | 7417 4d8b | ea4c 336a | 0849 f7c5 | fcff ffff | 740b 4883 | 4a08 02eb | 044c 896a 
  0x00000215875544c0: 0848 83c2 | 104c 8b6a | e841 83ed | 0241 83fd | 020f 8c84 | 0000 004c | 8b6b 0845 | 0fb7 6d2e 
  0x00000215875544e0: 4c2b 2a41 | 83ed 014e | 8b6c ec08 | 4d85 ed75 | 0ef6 4208 | 0175 58f0 | 4883 4a08 | 01eb 5045 
  0x0000021587554500: 8b6d 0849 | ba00 0000 | 0008 0000 | 004d 03ea | 4d8b d54c | 336a 0849 | f7c5 fcff | ffff 742f 
  0x0000021587554520: 41f6 c502 | 7529 4883 | 7a08 0074 | 1e48 837a | 0801 7417 | 4d8b ea4c | 336a 0849 | f7c5 fcff 
  0x0000021587554540: ffff 740b | 4883 4a08 | 02eb 044c | 896a 0848 | 83c2 104c | 8b6a d841 | 83ed 0441 | c1e5 0349 
  0x0000021587554560: 03d5 4889 | 55d8 4c8d | 6c24 084c | 896d f041 | 80bf e005 | 0000 0074 | 03ff 6338 | ff63 5090 
[/MachCode]

---------------  P R O C E S S  ---------------

Threads class SMR info:
_java_thread_list=0x0000021595157350, length=14, elements={
0x00000215f3cc75b0, 0x00000215ff4dffc0, 0x00000215ff4e1740, 0x00000215ff54b530,
0x00000215ff54bba0, 0x00000215ff51b8a0, 0x00000215ff51bf10, 0x00000215ff554e40,
0x00000215ff51d2c0, 0x00000215ff7012d0, 0x000002159506bb00, 0x00000215950c4470,
0x00000215950c4af0, 0x000002159530b660
}

Java Threads: ( => current thread )
=>0x00000215f3cc75b0 JavaThread "main"                              [_thread_in_vm, id=8120, stack(0x0000007d54c00000,0x0000007d54d00000) (1024K)]
  0x00000215ff4dffc0 JavaThread "Reference Handler"          daemon [_thread_blocked, id=9000, stack(0x0000007d55400000,0x0000007d55500000) (1024K)]
  0x00000215ff4e1740 JavaThread "Finalizer"                  daemon [_thread_blocked, id=12792, stack(0x0000007d55500000,0x0000007d55600000) (1024K)]
  0x00000215ff54b530 JavaThread "Signal Dispatcher"          daemon [_thread_blocked, id=5676, stack(0x0000007d55600000,0x0000007d55700000) (1024K)]
  0x00000215ff54bba0 JavaThread "Attach Listener"            daemon [_thread_blocked, id=9048, stack(0x0000007d55700000,0x0000007d55800000) (1024K)]
  0x00000215ff51b8a0 JavaThread "Service Thread"             daemon [_thread_blocked, id=11056, stack(0x0000007d55800000,0x0000007d55900000) (1024K)]
  0x00000215ff51bf10 JavaThread "Monitor Deflation Thread"   daemon [_thread_blocked, id=10116, stack(0x0000007d55900000,0x0000007d55a00000) (1024K)]
  0x00000215ff554e40 JavaThread "C2 CompilerThread0"         daemon [_thread_blocked, id=7160, stack(0x0000007d55a00000,0x0000007d55b00000) (1024K)]
  0x00000215ff51d2c0 JavaThread "C1 CompilerThread0"         daemon [_thread_blocked, id=7344, stack(0x0000007d55b00000,0x0000007d55c00000) (1024K)]
  0x00000215ff7012d0 JavaThread "Common-Cleaner"             daemon [_thread_blocked, id=2120, stack(0x0000007d55c00000,0x0000007d55d00000) (1024K)]
  0x000002159506bb00 JavaThread "JDWP Transport Listener: dt_socket" daemon [_thread_blocked, id=1548, stack(0x0000007d55d00000,0x0000007d55e00000) (1024K)]
  0x00000215950c4470 JavaThread "JDWP Event Helper Thread"   daemon [_thread_blocked, id=3852, stack(0x0000007d55e00000,0x0000007d55f00000) (1024K)]
  0x00000215950c4af0 JavaThread "JDWP Command Reader"        daemon [_thread_in_native, id=1536, stack(0x0000007d55f00000,0x0000007d56000000) (1024K)]
  0x000002159530b660 JavaThread "Notification Thread"        daemon [_thread_blocked, id=11484, stack(0x0000007d56000000,0x0000007d56100000) (1024K)]
Total: 14

Other Threads:
  0x00000215ff48e240 VMThread "VM Thread"                           [id=11216, stack(0x0000007d55300000,0x0000007d55400000) (1024K)]
  0x00000215ff3f78b0 WatcherThread "VM Periodic Task Thread"        [id=12116, stack(0x0000007d55200000,0x0000007d55300000) (1024K)]
  0x00000215f3d30600 WorkerThread "GC Thread#0"                     [id=10684, stack(0x0000007d54d00000,0x0000007d54e00000) (1024K)]
  0x00000215f3d41370 ConcurrentGCThread "G1 Main Marker"            [id=10976, stack(0x0000007d54e00000,0x0000007d54f00000) (1024K)]
  0x00000215f3d43030 WorkerThread "G1 Conc#0"                       [id=4324, stack(0x0000007d54f00000,0x0000007d55000000) (1024K)]
  0x00000215f3d9e6a0 ConcurrentGCThread "G1 Refine#0"               [id=12412, stack(0x0000007d55000000,0x0000007d55100000) (1024K)]
  0x00000215ff2c8510 ConcurrentGCThread "G1 Service"                [id=12424, stack(0x0000007d55100000,0x0000007d55200000) (1024K)]
Total: 7

Threads with active compile tasks:
Total: 0

VM state: not at safepoint (normal execution)

VM Mutex/Monitor currently owned by a thread: None

Heap address: 0x0000000702600000, size: 4058 MB, Compressed Oops mode: Zero based, Oop shift amount: 3

CDS archive(s) not mapped
Compressed class space mapped at: 0x0000000800000000-0x0000000840000000, reserved size: 1073741824
Narrow klass base: 0x0000000800000000, Narrow klass shift: 0, Narrow klass range: 0x40000000

GC Precious Log:
 CardTable entry size: 512
 Card Set container configuration: InlinePtr #cards 4 size 8 Array Of Cards #cards 16 size 48 Howl #buckets 8 coarsen threshold 3686 Howl Bitmap #cards 512 size 80 coarsen threshold 460 Card regions per heap region 1 cards per card region 4096
 CPUs: 8 total, 8 available
 Memory: 16229M
 Large Page Support: Disabled
 NUMA Support: Disabled
 Compressed Oops: Enabled (Zero based)
 Heap Region Size: 2M
 Heap Min Capacity: 8M
 Heap Initial Capacity: 254M
 Heap Max Capacity: 4058M
 Pre-touch: Disabled
 Parallel Workers: 8
 Concurrent Workers: 2
 Concurrent Refinement Workers: 8
 Periodic GC: Disabled

Heap:
 garbage-first heap   total 260096K, used 6144K [0x0000000702600000, 0x0000000800000000)
  region size 2048K, 4 young (8192K), 0 survivors (0K)
 Metaspace       used 10658K, committed 10816K, reserved 1114112K
  class space    used 892K, committed 960K, reserved 1048576K

Heap Regions: E=young(eden), S=young(survivor), O=old, HS=humongous(starts), HC=humongous(continues), CS=collection set, F=free, TAMS=top-at-mark-start, PB=parsable bottom
|   0|0x0000000702600000, 0x0000000702600000, 0x0000000702800000|  0%| F|  |TAMS 0x0000000702600000| PB 0x0000000702600000| Untracked 
|   1|0x0000000702800000, 0x0000000702800000, 0x0000000702a00000|  0%| F|  |TAMS 0x0000000702800000| PB 0x0000000702800000| Untracked 
|   2|0x0000000702a00000, 0x0000000702a00000, 0x0000000702c00000|  0%| F|  |TAMS 0x0000000702a00000| PB 0x0000000702a00000| Untracked 
|   3|0x0000000702c00000, 0x0000000702c00000, 0x0000000702e00000|  0%| F|  |TAMS 0x0000000702c00000| PB 0x0000000702c00000| Untracked 
|   4|0x0000000702e00000, 0x0000000702e00000, 0x0000000703000000|  0%| F|  |TAMS 0x0000000702e00000| PB 0x0000000702e00000| Untracked 
|   5|0x0000000703000000, 0x0000000703000000, 0x0000000703200000|  0%| F|  |TAMS 0x0000000703000000| PB 0x0000000703000000| Untracked 
|   6|0x0000000703200000, 0x0000000703200000, 0x0000000703400000|  0%| F|  |TAMS 0x0000000703200000| PB 0x0000000703200000| Untracked 
|   7|0x0000000703400000, 0x0000000703400000, 0x0000000703600000|  0%| F|  |TAMS 0x0000000703400000| PB 0x0000000703400000| Untracked 
|   8|0x0000000703600000, 0x0000000703600000, 0x0000000703800000|  0%| F|  |TAMS 0x0000000703600000| PB 0x0000000703600000| Untracked 
|   9|0x0000000703800000, 0x0000000703800000, 0x0000000703a00000|  0%| F|  |TAMS 0x0000000703800000| PB 0x0000000703800000| Untracked 
|  10|0x0000000703a00000, 0x0000000703a00000, 0x0000000703c00000|  0%| F|  |TAMS 0x0000000703a00000| PB 0x0000000703a00000| Untracked 
|  11|0x0000000703c00000, 0x0000000703c00000, 0x0000000703e00000|  0%| F|  |TAMS 0x0000000703c00000| PB 0x0000000703c00000| Untracked 
|  12|0x0000000703e00000, 0x0000000703e00000, 0x0000000704000000|  0%| F|  |TAMS 0x0000000703e00000| PB 0x0000000703e00000| Untracked 
|  13|0x0000000704000000, 0x0000000704000000, 0x0000000704200000|  0%| F|  |TAMS 0x0000000704000000| PB 0x0000000704000000| Untracked 
|  14|0x0000000704200000, 0x0000000704200000, 0x0000000704400000|  0%| F|  |TAMS 0x0000000704200000| PB 0x0000000704200000| Untracked 
|  15|0x0000000704400000, 0x0000000704400000, 0x0000000704600000|  0%| F|  |TAMS 0x0000000704400000| PB 0x0000000704400000| Untracked 
|  16|0x0000000704600000, 0x0000000704600000, 0x0000000704800000|  0%| F|  |TAMS 0x0000000704600000| PB 0x0000000704600000| Untracked 
|  17|0x0000000704800000, 0x0000000704800000, 0x0000000704a00000|  0%| F|  |TAMS 0x0000000704800000| PB 0x0000000704800000| Untracked 
|  18|0x0000000704a00000, 0x0000000704a00000, 0x0000000704c00000|  0%| F|  |TAMS 0x0000000704a00000| PB 0x0000000704a00000| Untracked 
|  19|0x0000000704c00000, 0x0000000704c00000, 0x0000000704e00000|  0%| F|  |TAMS 0x0000000704c00000| PB 0x0000000704c00000| Untracked 
|  20|0x0000000704e00000, 0x0000000704e00000, 0x0000000705000000|  0%| F|  |TAMS 0x0000000704e00000| PB 0x0000000704e00000| Untracked 
|  21|0x0000000705000000, 0x0000000705000000, 0x0000000705200000|  0%| F|  |TAMS 0x0000000705000000| PB 0x0000000705000000| Untracked 
|  22|0x0000000705200000, 0x0000000705200000, 0x0000000705400000|  0%| F|  |TAMS 0x0000000705200000| PB 0x0000000705200000| Untracked 
|  23|0x0000000705400000, 0x0000000705400000, 0x0000000705600000|  0%| F|  |TAMS 0x0000000705400000| PB 0x0000000705400000| Untracked 
|  24|0x0000000705600000, 0x0000000705600000, 0x0000000705800000|  0%| F|  |TAMS 0x0000000705600000| PB 0x0000000705600000| Untracked 
|  25|0x0000000705800000, 0x0000000705800000, 0x0000000705a00000|  0%| F|  |TAMS 0x0000000705800000| PB 0x0000000705800000| Untracked 
|  26|0x0000000705a00000, 0x0000000705a00000, 0x0000000705c00000|  0%| F|  |TAMS 0x0000000705a00000| PB 0x0000000705a00000| Untracked 
|  27|0x0000000705c00000, 0x0000000705c00000, 0x0000000705e00000|  0%| F|  |TAMS 0x0000000705c00000| PB 0x0000000705c00000| Untracked 
|  28|0x0000000705e00000, 0x0000000705e00000, 0x0000000706000000|  0%| F|  |TAMS 0x0000000705e00000| PB 0x0000000705e00000| Untracked 
|  29|0x0000000706000000, 0x0000000706000000, 0x0000000706200000|  0%| F|  |TAMS 0x0000000706000000| PB 0x0000000706000000| Untracked 
|  30|0x0000000706200000, 0x0000000706200000, 0x0000000706400000|  0%| F|  |TAMS 0x0000000706200000| PB 0x0000000706200000| Untracked 
|  31|0x0000000706400000, 0x0000000706400000, 0x0000000706600000|  0%| F|  |TAMS 0x0000000706400000| PB 0x0000000706400000| Untracked 
|  32|0x0000000706600000, 0x0000000706600000, 0x0000000706800000|  0%| F|  |TAMS 0x0000000706600000| PB 0x0000000706600000| Untracked 
|  33|0x0000000706800000, 0x0000000706800000, 0x0000000706a00000|  0%| F|  |TAMS 0x0000000706800000| PB 0x0000000706800000| Untracked 
|  34|0x0000000706a00000, 0x0000000706a00000, 0x0000000706c00000|  0%| F|  |TAMS 0x0000000706a00000| PB 0x0000000706a00000| Untracked 
|  35|0x0000000706c00000, 0x0000000706c00000, 0x0000000706e00000|  0%| F|  |TAMS 0x0000000706c00000| PB 0x0000000706c00000| Untracked 
|  36|0x0000000706e00000, 0x0000000706e00000, 0x0000000707000000|  0%| F|  |TAMS 0x0000000706e00000| PB 0x0000000706e00000| Untracked 
|  37|0x0000000707000000, 0x0000000707000000, 0x0000000707200000|  0%| F|  |TAMS 0x0000000707000000| PB 0x0000000707000000| Untracked 
|  38|0x0000000707200000, 0x0000000707200000, 0x0000000707400000|  0%| F|  |TAMS 0x0000000707200000| PB 0x0000000707200000| Untracked 
|  39|0x0000000707400000, 0x0000000707400000, 0x0000000707600000|  0%| F|  |TAMS 0x0000000707400000| PB 0x0000000707400000| Untracked 
|  40|0x0000000707600000, 0x0000000707600000, 0x0000000707800000|  0%| F|  |TAMS 0x0000000707600000| PB 0x0000000707600000| Untracked 
|  41|0x0000000707800000, 0x0000000707800000, 0x0000000707a00000|  0%| F|  |TAMS 0x0000000707800000| PB 0x0000000707800000| Untracked 
|  42|0x0000000707a00000, 0x0000000707a00000, 0x0000000707c00000|  0%| F|  |TAMS 0x0000000707a00000| PB 0x0000000707a00000| Untracked 
|  43|0x0000000707c00000, 0x0000000707c00000, 0x0000000707e00000|  0%| F|  |TAMS 0x0000000707c00000| PB 0x0000000707c00000| Untracked 
|  44|0x0000000707e00000, 0x0000000707e00000, 0x0000000708000000|  0%| F|  |TAMS 0x0000000707e00000| PB 0x0000000707e00000| Untracked 
|  45|0x0000000708000000, 0x0000000708000000, 0x0000000708200000|  0%| F|  |TAMS 0x0000000708000000| PB 0x0000000708000000| Untracked 
|  46|0x0000000708200000, 0x0000000708200000, 0x0000000708400000|  0%| F|  |TAMS 0x0000000708200000| PB 0x0000000708200000| Untracked 
|  47|0x0000000708400000, 0x0000000708400000, 0x0000000708600000|  0%| F|  |TAMS 0x0000000708400000| PB 0x0000000708400000| Untracked 
|  48|0x0000000708600000, 0x0000000708600000, 0x0000000708800000|  0%| F|  |TAMS 0x0000000708600000| PB 0x0000000708600000| Untracked 
|  49|0x0000000708800000, 0x0000000708800000, 0x0000000708a00000|  0%| F|  |TAMS 0x0000000708800000| PB 0x0000000708800000| Untracked 
|  50|0x0000000708a00000, 0x0000000708a00000, 0x0000000708c00000|  0%| F|  |TAMS 0x0000000708a00000| PB 0x0000000708a00000| Untracked 
|  51|0x0000000708c00000, 0x0000000708c00000, 0x0000000708e00000|  0%| F|  |TAMS 0x0000000708c00000| PB 0x0000000708c00000| Untracked 
|  52|0x0000000708e00000, 0x0000000708e00000, 0x0000000709000000|  0%| F|  |TAMS 0x0000000708e00000| PB 0x0000000708e00000| Untracked 
|  53|0x0000000709000000, 0x0000000709000000, 0x0000000709200000|  0%| F|  |TAMS 0x0000000709000000| PB 0x0000000709000000| Untracked 
|  54|0x0000000709200000, 0x0000000709200000, 0x0000000709400000|  0%| F|  |TAMS 0x0000000709200000| PB 0x0000000709200000| Untracked 
|  55|0x0000000709400000, 0x0000000709400000, 0x0000000709600000|  0%| F|  |TAMS 0x0000000709400000| PB 0x0000000709400000| Untracked 
|  56|0x0000000709600000, 0x0000000709600000, 0x0000000709800000|  0%| F|  |TAMS 0x0000000709600000| PB 0x0000000709600000| Untracked 
|  57|0x0000000709800000, 0x0000000709800000, 0x0000000709a00000|  0%| F|  |TAMS 0x0000000709800000| PB 0x0000000709800000| Untracked 
|  58|0x0000000709a00000, 0x0000000709a00000, 0x0000000709c00000|  0%| F|  |TAMS 0x0000000709a00000| PB 0x0000000709a00000| Untracked 
|  59|0x0000000709c00000, 0x0000000709c00000, 0x0000000709e00000|  0%| F|  |TAMS 0x0000000709c00000| PB 0x0000000709c00000| Untracked 
|  60|0x0000000709e00000, 0x0000000709e00000, 0x000000070a000000|  0%| F|  |TAMS 0x0000000709e00000| PB 0x0000000709e00000| Untracked 
|  61|0x000000070a000000, 0x000000070a000000, 0x000000070a200000|  0%| F|  |TAMS 0x000000070a000000| PB 0x000000070a000000| Untracked 
|  62|0x000000070a200000, 0x000000070a200000, 0x000000070a400000|  0%| F|  |TAMS 0x000000070a200000| PB 0x000000070a200000| Untracked 
|  63|0x000000070a400000, 0x000000070a400000, 0x000000070a600000|  0%| F|  |TAMS 0x000000070a400000| PB 0x000000070a400000| Untracked 
|  64|0x000000070a600000, 0x000000070a600000, 0x000000070a800000|  0%| F|  |TAMS 0x000000070a600000| PB 0x000000070a600000| Untracked 
|  65|0x000000070a800000, 0x000000070a800000, 0x000000070aa00000|  0%| F|  |TAMS 0x000000070a800000| PB 0x000000070a800000| Untracked 
|  66|0x000000070aa00000, 0x000000070aa00000, 0x000000070ac00000|  0%| F|  |TAMS 0x000000070aa00000| PB 0x000000070aa00000| Untracked 
|  67|0x000000070ac00000, 0x000000070ac00000, 0x000000070ae00000|  0%| F|  |TAMS 0x000000070ac00000| PB 0x000000070ac00000| Untracked 
|  68|0x000000070ae00000, 0x000000070ae00000, 0x000000070b000000|  0%| F|  |TAMS 0x000000070ae00000| PB 0x000000070ae00000| Untracked 
|  69|0x000000070b000000, 0x000000070b000000, 0x000000070b200000|  0%| F|  |TAMS 0x000000070b000000| PB 0x000000070b000000| Untracked 
|  70|0x000000070b200000, 0x000000070b200000, 0x000000070b400000|  0%| F|  |TAMS 0x000000070b200000| PB 0x000000070b200000| Untracked 
|  71|0x000000070b400000, 0x000000070b400000, 0x000000070b600000|  0%| F|  |TAMS 0x000000070b400000| PB 0x000000070b400000| Untracked 
|  72|0x000000070b600000, 0x000000070b600000, 0x000000070b800000|  0%| F|  |TAMS 0x000000070b600000| PB 0x000000070b600000| Untracked 
|  73|0x000000070b800000, 0x000000070b800000, 0x000000070ba00000|  0%| F|  |TAMS 0x000000070b800000| PB 0x000000070b800000| Untracked 
|  74|0x000000070ba00000, 0x000000070ba00000, 0x000000070bc00000|  0%| F|  |TAMS 0x000000070ba00000| PB 0x000000070ba00000| Untracked 
|  75|0x000000070bc00000, 0x000000070bc00000, 0x000000070be00000|  0%| F|  |TAMS 0x000000070bc00000| PB 0x000000070bc00000| Untracked 
|  76|0x000000070be00000, 0x000000070be00000, 0x000000070c000000|  0%| F|  |TAMS 0x000000070be00000| PB 0x000000070be00000| Untracked 
|  77|0x000000070c000000, 0x000000070c000000, 0x000000070c200000|  0%| F|  |TAMS 0x000000070c000000| PB 0x000000070c000000| Untracked 
|  78|0x000000070c200000, 0x000000070c200000, 0x000000070c400000|  0%| F|  |TAMS 0x000000070c200000| PB 0x000000070c200000| Untracked 
|  79|0x000000070c400000, 0x000000070c400000, 0x000000070c600000|  0%| F|  |TAMS 0x000000070c400000| PB 0x000000070c400000| Untracked 
|  80|0x000000070c600000, 0x000000070c600000, 0x000000070c800000|  0%| F|  |TAMS 0x000000070c600000| PB 0x000000070c600000| Untracked 
|  81|0x000000070c800000, 0x000000070c800000, 0x000000070ca00000|  0%| F|  |TAMS 0x000000070c800000| PB 0x000000070c800000| Untracked 
|  82|0x000000070ca00000, 0x000000070ca00000, 0x000000070cc00000|  0%| F|  |TAMS 0x000000070ca00000| PB 0x000000070ca00000| Untracked 
|  83|0x000000070cc00000, 0x000000070cc00000, 0x000000070ce00000|  0%| F|  |TAMS 0x000000070cc00000| PB 0x000000070cc00000| Untracked 
|  84|0x000000070ce00000, 0x000000070ce00000, 0x000000070d000000|  0%| F|  |TAMS 0x000000070ce00000| PB 0x000000070ce00000| Untracked 
|  85|0x000000070d000000, 0x000000070d000000, 0x000000070d200000|  0%| F|  |TAMS 0x000000070d000000| PB 0x000000070d000000| Untracked 
|  86|0x000000070d200000, 0x000000070d200000, 0x000000070d400000|  0%| F|  |TAMS 0x000000070d200000| PB 0x000000070d200000| Untracked 
|  87|0x000000070d400000, 0x000000070d400000, 0x000000070d600000|  0%| F|  |TAMS 0x000000070d400000| PB 0x000000070d400000| Untracked 
|  88|0x000000070d600000, 0x000000070d600000, 0x000000070d800000|  0%| F|  |TAMS 0x000000070d600000| PB 0x000000070d600000| Untracked 
|  89|0x000000070d800000, 0x000000070d800000, 0x000000070da00000|  0%| F|  |TAMS 0x000000070d800000| PB 0x000000070d800000| Untracked 
|  90|0x000000070da00000, 0x000000070da00000, 0x000000070dc00000|  0%| F|  |TAMS 0x000000070da00000| PB 0x000000070da00000| Untracked 
|  91|0x000000070dc00000, 0x000000070dc00000, 0x000000070de00000|  0%| F|  |TAMS 0x000000070dc00000| PB 0x000000070dc00000| Untracked 
|  92|0x000000070de00000, 0x000000070de00000, 0x000000070e000000|  0%| F|  |TAMS 0x000000070de00000| PB 0x000000070de00000| Untracked 
|  93|0x000000070e000000, 0x000000070e000000, 0x000000070e200000|  0%| F|  |TAMS 0x000000070e000000| PB 0x000000070e000000| Untracked 
|  94|0x000000070e200000, 0x000000070e200000, 0x000000070e400000|  0%| F|  |TAMS 0x000000070e200000| PB 0x000000070e200000| Untracked 
|  95|0x000000070e400000, 0x000000070e400000, 0x000000070e600000|  0%| F|  |TAMS 0x000000070e400000| PB 0x000000070e400000| Untracked 
|  96|0x000000070e600000, 0x000000070e600000, 0x000000070e800000|  0%| F|  |TAMS 0x000000070e600000| PB 0x000000070e600000| Untracked 
|  97|0x000000070e800000, 0x000000070e800000, 0x000000070ea00000|  0%| F|  |TAMS 0x000000070e800000| PB 0x000000070e800000| Untracked 
|  98|0x000000070ea00000, 0x000000070ea00000, 0x000000070ec00000|  0%| F|  |TAMS 0x000000070ea00000| PB 0x000000070ea00000| Untracked 
|  99|0x000000070ec00000, 0x000000070ec00000, 0x000000070ee00000|  0%| F|  |TAMS 0x000000070ec00000| PB 0x000000070ec00000| Untracked 
| 100|0x000000070ee00000, 0x000000070ee00000, 0x000000070f000000|  0%| F|  |TAMS 0x000000070ee00000| PB 0x000000070ee00000| Untracked 
| 101|0x000000070f000000, 0x000000070f000000, 0x000000070f200000|  0%| F|  |TAMS 0x000000070f000000| PB 0x000000070f000000| Untracked 
| 102|0x000000070f200000, 0x000000070f200000, 0x000000070f400000|  0%| F|  |TAMS 0x000000070f200000| PB 0x000000070f200000| Untracked 
| 103|0x000000070f400000, 0x000000070f400000, 0x000000070f600000|  0%| F|  |TAMS 0x000000070f400000| PB 0x000000070f400000| Untracked 
| 104|0x000000070f600000, 0x000000070f600000, 0x000000070f800000|  0%| F|  |TAMS 0x000000070f600000| PB 0x000000070f600000| Untracked 
| 105|0x000000070f800000, 0x000000070f800000, 0x000000070fa00000|  0%| F|  |TAMS 0x000000070f800000| PB 0x000000070f800000| Untracked 
| 106|0x000000070fa00000, 0x000000070fa00000, 0x000000070fc00000|  0%| F|  |TAMS 0x000000070fa00000| PB 0x000000070fa00000| Untracked 
| 107|0x000000070fc00000, 0x000000070fc00000, 0x000000070fe00000|  0%| F|  |TAMS 0x000000070fc00000| PB 0x000000070fc00000| Untracked 
| 108|0x000000070fe00000, 0x000000070fe00000, 0x0000000710000000|  0%| F|  |TAMS 0x000000070fe00000| PB 0x000000070fe00000| Untracked 
| 109|0x0000000710000000, 0x0000000710000000, 0x0000000710200000|  0%| F|  |TAMS 0x0000000710000000| PB 0x0000000710000000| Untracked 
| 110|0x0000000710200000, 0x0000000710200000, 0x0000000710400000|  0%| F|  |TAMS 0x0000000710200000| PB 0x0000000710200000| Untracked 
| 111|0x0000000710400000, 0x0000000710400000, 0x0000000710600000|  0%| F|  |TAMS 0x0000000710400000| PB 0x0000000710400000| Untracked 
| 112|0x0000000710600000, 0x0000000710600000, 0x0000000710800000|  0%| F|  |TAMS 0x0000000710600000| PB 0x0000000710600000| Untracked 
| 113|0x0000000710800000, 0x0000000710800000, 0x0000000710a00000|  0%| F|  |TAMS 0x0000000710800000| PB 0x0000000710800000| Untracked 
| 114|0x0000000710a00000, 0x0000000710a00000, 0x0000000710c00000|  0%| F|  |TAMS 0x0000000710a00000| PB 0x0000000710a00000| Untracked 
| 115|0x0000000710c00000, 0x0000000710c00000, 0x0000000710e00000|  0%| F|  |TAMS 0x0000000710c00000| PB 0x0000000710c00000| Untracked 
| 116|0x0000000710e00000, 0x0000000710e00000, 0x0000000711000000|  0%| F|  |TAMS 0x0000000710e00000| PB 0x0000000710e00000| Untracked 
| 117|0x0000000711000000, 0x0000000711000000, 0x0000000711200000|  0%| F|  |TAMS 0x0000000711000000| PB 0x0000000711000000| Untracked 
| 118|0x0000000711200000, 0x0000000711200000, 0x0000000711400000|  0%| F|  |TAMS 0x0000000711200000| PB 0x0000000711200000| Untracked 
| 119|0x0000000711400000, 0x0000000711400000, 0x0000000711600000|  0%| F|  |TAMS 0x0000000711400000| PB 0x0000000711400000| Untracked 
| 120|0x0000000711600000, 0x0000000711600000, 0x0000000711800000|  0%| F|  |TAMS 0x0000000711600000| PB 0x0000000711600000| Untracked 
| 121|0x0000000711800000, 0x0000000711800000, 0x0000000711a00000|  0%| F|  |TAMS 0x0000000711800000| PB 0x0000000711800000| Untracked 
| 122|0x0000000711a00000, 0x0000000711a00000, 0x0000000711c00000|  0%| F|  |TAMS 0x0000000711a00000| PB 0x0000000711a00000| Untracked 
| 123|0x0000000711c00000, 0x0000000711d5a308, 0x0000000711e00000| 67%| E|  |TAMS 0x0000000711c00000| PB 0x0000000711c00000| Complete 
| 124|0x0000000711e00000, 0x0000000712000000, 0x0000000712000000|100%| E|CS|TAMS 0x0000000711e00000| PB 0x0000000711e00000| Complete 
| 125|0x0000000712000000, 0x0000000712200000, 0x0000000712200000|100%| E|CS|TAMS 0x0000000712000000| PB 0x0000000712000000| Complete 
| 126|0x0000000712200000, 0x0000000712400000, 0x0000000712400000|100%| E|CS|TAMS 0x0000000712200000| PB 0x0000000712200000| Complete 

Card table byte_map: [0x00000215fa220000,0x00000215faa10000] _byte_map_base: 0x00000215f6a0d000

Marking Bits: (CMBitMap*) 0x00000215f3d30d00
 Bits: [0x00000215faa10000, 0x00000215fe978000)

Polling page: 0x00000215f3da0000

Metaspace:

Usage:
  Non-class:      9.54 MB used.
      Class:    892.87 KB used.
       Both:     10.41 MB used.

Virtual space:
  Non-class space:       64.00 MB reserved,       9.62 MB ( 15%) committed,  1 nodes.
      Class space:        1.00 GB reserved,     960.00 KB ( <1%) committed,  1 nodes.
             Both:        1.06 GB reserved,      10.56 MB ( <1%) committed. 

Chunk freelists:
   Non-Class:  6.22 MB
       Class:  15.07 MB
        Both:  21.29 MB

MaxMetaspaceSize: unlimited
CompressedClassSpaceSize: 1.00 GB
Initial GC threshold: 21.00 MB
Current GC threshold: 21.00 MB
CDS: off
 - commit_granule_bytes: 65536.
 - commit_granule_words: 8192.
 - virtual_space_node_default_size: 8388608.
 - enlarge_chunks_in_place: 1.
 - use_allocation_guard: 0.


Internal statistics:

num_allocs_failed_limit: 0.
num_arena_births: 42.
num_arena_deaths: 0.
num_vsnodes_births: 2.
num_vsnodes_deaths: 0.
num_space_committed: 169.
num_space_uncommitted: 0.
num_chunks_returned_to_freelist: 0.
num_chunks_taken_from_freelist: 90.
num_chunk_merges: 0.
num_chunk_splits: 46.
num_chunks_enlarged: 27.
num_inconsistent_stats: 0.

CodeHeap 'non-profiled nmethods': size=120000Kb used=175Kb max_used=175Kb free=119825Kb
 bounds [0x0000021587ad0000, 0x0000021587d40000, 0x000002158f000000]
CodeHeap 'profiled nmethods': size=120000Kb used=776Kb max_used=776Kb free=119223Kb
 bounds [0x0000021580000000, 0x0000021580270000, 0x0000021587530000]
CodeHeap 'non-nmethods': size=5760Kb used=1407Kb max_used=1423Kb free=4352Kb
 bounds [0x0000021587530000, 0x00000215877a0000, 0x0000021587ad0000]
 total_blobs=955 nmethods=504 adapters=356
 compilation: enabled
              stopped_count=0, restarted_count=0
 full_count=0

Compilation events (20 events):
Event: 626.825 Thread 0x00000215ff51d2c0  495       3       org.eclipse.jdt.launching.internal.org.objectweb.asm.ClassReader::readUTF8 (23 bytes)
Event: 626.825 Thread 0x00000215ff51d2c0 nmethod 495 0x00000215800bef10 code [0x00000215800bf0e0, 0x00000215800bf348]
Event: 657.472 Thread 0x00000215ff51d2c0  496       3       org.eclipse.jdt.launching.internal.org.objectweb.asm.SymbolTable::hash (10 bytes)
Event: 657.472 Thread 0x00000215ff51d2c0 nmethod 496 0x00000215800bf410 code [0x00000215800bf5c0, 0x00000215800bf6f0]
Event: 657.472 Thread 0x00000215ff51d2c0  497       3       org.eclipse.jdt.launching.internal.org.objectweb.asm.Symbol::<init> (38 bytes)
Event: 657.472 Thread 0x00000215ff51d2c0 nmethod 497 0x00000215800bf810 code [0x00000215800bf9c0, 0x00000215800bfc68]
Event: 1177.159 Thread 0x00000215ff51d2c0  498       3       org.eclipse.jdt.launching.internal.org.objectweb.asm.SymbolTable$Entry::<init> (17 bytes)
Event: 1177.159 Thread 0x00000215ff51d2c0 nmethod 498 0x00000215800bfd90 code [0x00000215800bff40, 0x00000215800c00d8]
Event: 1177.159 Thread 0x00000215ff51d2c0  500       3       org.eclipse.jdt.launching.internal.org.objectweb.asm.ClassReader::readUtf (161 bytes)
Event: 1177.160 Thread 0x00000215ff51d2c0 nmethod 500 0x00000215800c0190 code [0x00000215800c0380, 0x00000215800c0830]
Event: 1177.160 Thread 0x00000215ff51d2c0  499       3       org.eclipse.jdt.launching.internal.org.objectweb.asm.ClassReader::getItem (7 bytes)
Event: 1177.160 Thread 0x00000215ff51d2c0 nmethod 499 0x00000215800c0b10 code [0x00000215800c0cc0, 0x00000215800c0e00]
Event: 1281.781 Thread 0x00000215ff554e40  501       4       org.eclipse.jdt.launching.internal.org.objectweb.asm.ClassReader::readUnsignedShort (26 bytes)
Event: 1281.781 Thread 0x00000215ff51d2c0  502       3       org.eclipse.jdt.launching.internal.org.objectweb.asm.SymbolTable::add (39 bytes)
Event: 1281.781 Thread 0x00000215ff51d2c0 nmethod 502 0x00000215800c0f10 code [0x00000215800c10c0, 0x00000215800c1420]
Event: 1281.781 Thread 0x00000215ff51d2c0  503       3       org.eclipse.jdt.launching.internal.org.objectweb.asm.SymbolTable::addConstantUtf8 (20 bytes)
Event: 1281.781 Thread 0x00000215ff51d2c0 nmethod 503 0x00000215800c1590 code [0x00000215800c1760, 0x00000215800c1a30]
Event: 1281.781 Thread 0x00000215ff554e40 nmethod 501 0x0000021587afb890 code [0x0000021587afba20, 0x0000021587afbb40]
Event: 1452.309 Thread 0x00000215ff51d2c0  504       3       java.lang.String::rangeCheck (10 bytes)
Event: 1452.309 Thread 0x00000215ff51d2c0 nmethod 504 0x00000215800c1c10 code [0x00000215800c1de0, 0x00000215800c2088]

GC Heap History (0 events):
No events

Dll operation events (8 events):
Event: 0.005 Loaded shared library C:\Users\lotte4\eclipse\plugins\org.eclipse.justj.openjdk.hotspot.jre.full.win32.x86_64_21.0.3.v20240426-1530\jre\bin\java.dll
Event: 0.009 Loaded shared library C:\Users\lotte4\eclipse\plugins\org.eclipse.justj.openjdk.hotspot.jre.full.win32.x86_64_21.0.3.v20240426-1530\jre\bin\zip.dll
Event: 0.213 Loaded shared library C:\Users\lotte4\eclipse\plugins\org.eclipse.justj.openjdk.hotspot.jre.full.win32.x86_64_21.0.3.v20240426-1530\jre\bin\instrument.dll
Event: 0.220 Loaded shared library C:\Users\lotte4\eclipse\plugins\org.eclipse.justj.openjdk.hotspot.jre.full.win32.x86_64_21.0.3.v20240426-1530\jre\bin\net.dll
Event: 0.221 Loaded shared library C:\Users\lotte4\eclipse\plugins\org.eclipse.justj.openjdk.hotspot.jre.full.win32.x86_64_21.0.3.v20240426-1530\jre\bin\nio.dll
Event: 0.226 Loaded shared library C:\Users\lotte4\eclipse\plugins\org.eclipse.justj.openjdk.hotspot.jre.full.win32.x86_64_21.0.3.v20240426-1530\jre\bin\zip.dll
Event: 0.293 Loaded shared library C:\Users\lotte4\eclipse\plugins\org.eclipse.justj.openjdk.hotspot.jre.full.win32.x86_64_21.0.3.v20240426-1530\jre\bin\jimage.dll
Event: 0.325 Loaded shared library C:\Users\lotte4\eclipse\plugins\org.eclipse.justj.openjdk.hotspot.jre.full.win32.x86_64_21.0.3.v20240426-1530\jre\bin\verify.dll

Deoptimization events (20 events):
Event: 0.333 Thread 0x00000215f3cc75b0 DEOPT PACKING pc=0x000002158009a7c3 sp=0x0000007d54cf7f60
Event: 0.333 Thread 0x00000215f3cc75b0 DEOPT UNPACKING pc=0x0000021587584e42 sp=0x0000007d54cf73e8 mode 0
Event: 0.334 Thread 0x00000215f3cc75b0 DEOPT PACKING pc=0x000002158009a7c3 sp=0x0000007d54cf7f60
Event: 0.334 Thread 0x00000215f3cc75b0 DEOPT UNPACKING pc=0x0000021587584e42 sp=0x0000007d54cf73e8 mode 0
Event: 0.335 Thread 0x00000215f3cc75b0 DEOPT PACKING pc=0x000002158009a7c3 sp=0x0000007d54cfb930
Event: 0.335 Thread 0x00000215f3cc75b0 DEOPT UNPACKING pc=0x0000021587584e42 sp=0x0000007d54cfadb8 mode 0
Event: 0.335 Thread 0x00000215f3cc75b0 DEOPT PACKING pc=0x000002158009a7c3 sp=0x0000007d54cfb930
Event: 0.335 Thread 0x00000215f3cc75b0 DEOPT UNPACKING pc=0x0000021587584e42 sp=0x0000007d54cfadb8 mode 0
Event: 0.335 Thread 0x00000215f3cc75b0 DEOPT PACKING pc=0x000002158009a7c3 sp=0x0000007d54cfb930
Event: 0.335 Thread 0x00000215f3cc75b0 DEOPT UNPACKING pc=0x0000021587584e42 sp=0x0000007d54cfadb8 mode 0
Event: 0.336 Thread 0x00000215f3cc75b0 DEOPT PACKING pc=0x000002158009a7c3 sp=0x0000007d54cf7ee0
Event: 0.336 Thread 0x00000215f3cc75b0 DEOPT UNPACKING pc=0x0000021587584e42 sp=0x0000007d54cf7368 mode 0
Event: 0.341 Thread 0x00000215f3cc75b0 DEOPT PACKING pc=0x000002158009a7c3 sp=0x0000007d54cf7b50
Event: 0.341 Thread 0x00000215f3cc75b0 DEOPT UNPACKING pc=0x0000021587584e42 sp=0x0000007d54cf6fd8 mode 0
Event: 0.341 Thread 0x00000215f3cc75b0 DEOPT PACKING pc=0x000002158009a7c3 sp=0x0000007d54cf7b50
Event: 0.341 Thread 0x00000215f3cc75b0 DEOPT UNPACKING pc=0x0000021587584e42 sp=0x0000007d54cf6fd8 mode 0
Event: 0.342 Thread 0x00000215f3cc75b0 DEOPT PACKING pc=0x000002158009a7c3 sp=0x0000007d54cf7b50
Event: 0.342 Thread 0x00000215f3cc75b0 DEOPT UNPACKING pc=0x0000021587584e42 sp=0x0000007d54cf6fd8 mode 0
Event: 0.342 Thread 0x00000215f3cc75b0 DEOPT PACKING pc=0x000002158009a7c3 sp=0x0000007d54cf7b50
Event: 0.342 Thread 0x00000215f3cc75b0 DEOPT UNPACKING pc=0x0000021587584e42 sp=0x0000007d54cf6fd8 mode 0

Classes loaded (20 events):
Event: 0.330 Loading class java/lang/IndexOutOfBoundsException
Event: 0.330 Loading class java/lang/IndexOutOfBoundsException done
Event: 0.333 Loading class java/lang/TypeNotPresentException
Event: 0.333 Loading class java/lang/TypeNotPresentException done
Event: 0.342 Loading class java/lang/IllegalStateException
Event: 0.342 Loading class java/lang/IllegalStateException done
Event: 0.343 Loading class jdk/internal/misc/MainMethodFinder
Event: 0.343 Loading class jdk/internal/misc/MainMethodFinder done
Event: 0.343 Loading class jdk/internal/misc/PreviewFeatures
Event: 0.343 Loading class jdk/internal/misc/PreviewFeatures done
Event: 15.484 Loading class java/lang/invoke/MethodHandleImpl$AsVarargsCollector
Event: 15.485 Loading class java/lang/invoke/MethodHandleImpl$AsVarargsCollector done
Event: 15.564 Loading class java/lang/Long$LongCache
Event: 15.564 Loading class java/lang/Long$LongCache done
Event: 15.566 Loading class java/lang/invoke/MethodHandles$1
Event: 15.566 Loading class java/lang/invoke/MethodHandles$1 done
Event: 15.567 Loading class java/lang/invoke/BoundMethodHandle$Species_LJ
Event: 15.567 Loading class java/lang/invoke/BoundMethodHandle$Species_LJ done
Event: 15.584 Loading class java/lang/invoke/BoundMethodHandle$Species_LLLL
Event: 15.584 Loading class java/lang/invoke/BoundMethodHandle$Species_LLLL done

Classes unloaded (0 events):
No events

Classes redefined (0 events):
No events

Internal exceptions (3 events):
Event: 0.260 Thread 0x00000215f3cc75b0 Exception <a 'java/lang/NoSuchMethodError'{0x0000000711e49c68}: 'void java.lang.invoke.DirectMethodHandle$Holder.invokeVirtual(java.lang.Object, java.lang.Object)'> (0x0000000711e49c68) 
thrown [s\src\hotspot\share\interpreter\linkResolver.cpp, line 773]
Event: 0.317 Thread 0x00000215f3cc75b0 Exception <a 'java/lang/NoSuchMethodError'{0x0000000711fedf10}: 'void java.lang.invoke.DirectMethodHandle$Holder.invokeStatic(java.lang.Object, java.lang.Object, java.lang.Object)'> (0x0000000711fedf10) 
thrown [s\src\hotspot\share\interpreter\linkResolver.cpp, line 773]
Event: 0.319 Thread 0x00000215f3cc75b0 Exception <a 'java/lang/NoSuchMethodError'{0x0000000711c011e0}: 'java.lang.Object java.lang.invoke.Invokers$Holder.invokeExact_MT(java.lang.Object, java.lang.Object, java.lang.Object, java.lang.Object, java.lang.Object)'> (0x0000000711c011e0) 
thrown [s\src\hotspot\share\interpreter\linkResolver.cpp, line 773]

ZGC Phase Switch (0 events):
No events

VM Operations (20 events):
Event: 1481.473 Executing VM operation: get receiver
Event: 1481.473 Executing VM operation: get receiver done
Event: 1481.473 Executing VM operation: get receiver
Event: 1481.473 Executing VM operation: get receiver done
Event: 1481.473 Executing VM operation: get receiver
Event: 1481.473 Executing VM operation: get receiver done
Event: 1481.474 Executing VM operation: get receiver
Event: 1481.474 Executing VM operation: get receiver done
Event: 1481.474 Executing VM operation: get receiver
Event: 1481.474 Executing VM operation: get receiver done
Event: 1481.474 Executing VM operation: get receiver
Event: 1481.474 Executing VM operation: get receiver done
Event: 1481.474 Executing VM operation: get receiver
Event: 1481.474 Executing VM operation: get receiver done
Event: 1481.474 Executing VM operation: get receiver
Event: 1481.474 Executing VM operation: get receiver done
Event: 1481.474 Executing VM operation: get receiver
Event: 1481.474 Executing VM operation: get receiver done
Event: 1481.474 Executing VM operation: ChangeSingleStep
Event: 1481.474 Executing VM operation: ChangeSingleStep done

Events (14 events):
Event: 0.008 Thread 0x00000215f3cc75b0 Thread added: 0x00000215f3cc75b0
Event: 0.050 Thread 0x00000215ff4dffc0 Thread added: 0x00000215ff4dffc0
Event: 0.050 Thread 0x00000215ff4e1740 Thread added: 0x00000215ff4e1740
Event: 0.051 Thread 0x00000215ff54b530 Thread added: 0x00000215ff54b530
Event: 0.051 Thread 0x00000215ff54bba0 Thread added: 0x00000215ff54bba0
Event: 0.051 Thread 0x00000215ff51b8a0 Thread added: 0x00000215ff51b8a0
Event: 0.051 Thread 0x00000215ff51bf10 Thread added: 0x00000215ff51bf10
Event: 0.051 Thread 0x00000215ff554e40 Thread added: 0x00000215ff554e40
Event: 0.051 Thread 0x00000215ff51d2c0 Thread added: 0x00000215ff51d2c0
Event: 0.089 Thread 0x00000215ff7012d0 Thread added: 0x00000215ff7012d0
Event: 0.113 Thread 0x000002159506bb00 Thread added: 0x000002159506bb00
Event: 0.113 Thread 0x00000215950c4470 Thread added: 0x00000215950c4470
Event: 0.113 Thread 0x00000215950c4af0 Thread added: 0x00000215950c4af0
Event: 0.321 Thread 0x000002159530b660 Thread added: 0x000002159530b660


Dynamic libraries:
0x00007ff731a60000 - 0x00007ff731a6e000 	C:\Users\lotte4\eclipse\plugins\org.eclipse.justj.openjdk.hotspot.jre.full.win32.x86_64_21.0.3.v20240426-1530\jre\bin\javaw.exe
0x00007ffe47550000 - 0x00007ffe47748000 	C:\Windows\SYSTEM32\ntdll.dll
0x00007ffe47190000 - 0x00007ffe4724d000 	C:\Windows\System32\KERNEL32.DLL
0x00007ffe45090000 - 0x00007ffe45386000 	C:\Windows\System32\KERNELBASE.dll
0x00007ffe44c10000 - 0x00007ffe44d10000 	C:\Windows\System32\ucrtbase.dll
0x00007ffe3fde0000 - 0x00007ffe3fdf8000 	C:\Users\lotte4\eclipse\plugins\org.eclipse.justj.openjdk.hotspot.jre.full.win32.x86_64_21.0.3.v20240426-1530\jre\bin\jli.dll
0x00007ffe3fda0000 - 0x00007ffe3fdbb000 	C:\Users\lotte4\eclipse\plugins\org.eclipse.justj.openjdk.hotspot.jre.full.win32.x86_64_21.0.3.v20240426-1530\jre\bin\VCRUNTIME140.dll
0x00007ffe45db0000 - 0x00007ffe45f4f000 	C:\Windows\System32\USER32.dll
0x00007ffe20480000 - 0x00007ffe2071a000 	C:\Windows\WinSxS\amd64_microsoft.windows.common-controls_6595b64144ccf1df_6.0.19041.4355_none_60b8b9eb71f62e16\COMCTL32.dll
0x00007ffe44fb0000 - 0x00007ffe44fd2000 	C:\Windows\System32\win32u.dll
0x00007ffe463c0000 - 0x00007ffe4645e000 	C:\Windows\System32\msvcrt.dll
0x00007ffe45d70000 - 0x00007ffe45d9b000 	C:\Windows\System32\GDI32.dll
0x00007ffe44d10000 - 0x00007ffe44e27000 	C:\Windows\System32\gdi32full.dll
0x00007ffe45390000 - 0x00007ffe4542d000 	C:\Windows\System32\msvcp_win.dll
0x00007ffe47250000 - 0x00007ffe4727f000 	C:\Windows\System32\IMM32.DLL
0x00007ffe3fd90000 - 0x00007ffe3fd9c000 	C:\Users\lotte4\eclipse\plugins\org.eclipse.justj.openjdk.hotspot.jre.full.win32.x86_64_21.0.3.v20240426-1530\jre\bin\vcruntime140_1.dll
0x00007ffe3bd60000 - 0x00007ffe3bdee000 	C:\Users\lotte4\eclipse\plugins\org.eclipse.justj.openjdk.hotspot.jre.full.win32.x86_64_21.0.3.v20240426-1530\jre\bin\msvcp140.dll
0x00007ffdd80b0000 - 0x00007ffdd8e32000 	C:\Users\lotte4\eclipse\plugins\org.eclipse.justj.openjdk.hotspot.jre.full.win32.x86_64_21.0.3.v20240426-1530\jre\bin\server\jvm.dll
0x00007ffe46690000 - 0x00007ffe46740000 	C:\Windows\System32\ADVAPI32.dll
0x00007ffe46740000 - 0x00007ffe467e0000 	C:\Windows\System32\sechost.dll
0x00007ffe472f0000 - 0x00007ffe47413000 	C:\Windows\System32\RPCRT4.dll
0x00007ffe44f30000 - 0x00007ffe44f57000 	C:\Windows\System32\bcrypt.dll
0x00007ffe47280000 - 0x00007ffe472eb000 	C:\Windows\System32\WS2_32.dll
0x00007ffe44a60000 - 0x00007ffe44aab000 	C:\Windows\SYSTEM32\POWRPROF.dll
0x00007ffe2bdd0000 - 0x00007ffe2bdf7000 	C:\Windows\SYSTEM32\WINMM.dll
0x00007ffe40010000 - 0x00007ffe4001a000 	C:\Windows\SYSTEM32\VERSION.dll
0x00007ffe44a40000 - 0x00007ffe44a52000 	C:\Windows\SYSTEM32\UMPDC.dll
0x00007ffe42ab0000 - 0x00007ffe42ac2000 	C:\Windows\SYSTEM32\kernel.appcore.dll
0x00007ffe420c0000 - 0x00007ffe420ca000 	C:\Users\lotte4\eclipse\plugins\org.eclipse.justj.openjdk.hotspot.jre.full.win32.x86_64_21.0.3.v20240426-1530\jre\bin\jimage.dll
0x00007ffe3eab0000 - 0x00007ffe3ec94000 	C:\Windows\SYSTEM32\DBGHELP.DLL
0x00007ffe3ea20000 - 0x00007ffe3ea54000 	C:\Windows\SYSTEM32\dbgcore.DLL
0x00007ffe44e30000 - 0x00007ffe44eb2000 	C:\Windows\System32\bcryptPrimitives.dll
0x00007ffe3d280000 - 0x00007ffe3d2bc000 	C:\Users\lotte4\eclipse\plugins\org.eclipse.justj.openjdk.hotspot.jre.full.win32.x86_64_21.0.3.v20240426-1530\jre\bin\jdwp.dll
0x00007ffe3fd80000 - 0x00007ffe3fd8f000 	C:\Users\lotte4\eclipse\plugins\org.eclipse.justj.openjdk.hotspot.jre.full.win32.x86_64_21.0.3.v20240426-1530\jre\bin\instrument.dll
0x00007ffe3fd20000 - 0x00007ffe3fd3f000 	C:\Users\lotte4\eclipse\plugins\org.eclipse.justj.openjdk.hotspot.jre.full.win32.x86_64_21.0.3.v20240426-1530\jre\bin\java.dll
0x00007ffe3f1f0000 - 0x00007ffe3f208000 	C:\Users\lotte4\eclipse\plugins\org.eclipse.justj.openjdk.hotspot.jre.full.win32.x86_64_21.0.3.v20240426-1530\jre\bin\zip.dll
0x00007ffe469c0000 - 0x00007ffe4712c000 	C:\Windows\System32\SHELL32.dll
0x00007ffe42cb0000 - 0x00007ffe4344d000 	C:\Windows\SYSTEM32\windows.storage.dll
0x00007ffe46060000 - 0x00007ffe463b3000 	C:\Windows\System32\combase.dll
0x00007ffe44560000 - 0x00007ffe4458e000 	C:\Windows\SYSTEM32\Wldp.dll
0x00007ffe45a90000 - 0x00007ffe45b5d000 	C:\Windows\System32\OLEAUT32.dll
0x00007ffe46910000 - 0x00007ffe469bd000 	C:\Windows\System32\SHCORE.dll
0x00007ffe47130000 - 0x00007ffe47185000 	C:\Windows\System32\shlwapi.dll
0x00007ffe44b40000 - 0x00007ffe44b64000 	C:\Windows\SYSTEM32\profapi.dll
0x00007ffe3fd70000 - 0x00007ffe3fd7b000 	C:\Users\lotte4\eclipse\plugins\org.eclipse.justj.openjdk.hotspot.jre.full.win32.x86_64_21.0.3.v20240426-1530\jre\bin\dt_socket.dll
0x00007ffe43fa0000 - 0x00007ffe43fdb000 	C:\Windows\SYSTEM32\IPHLPAPI.DLL
0x00007ffe442c0000 - 0x00007ffe4432a000 	C:\Windows\system32\mswsock.dll
0x00007ffe43fe0000 - 0x00007ffe440aa000 	C:\Windows\SYSTEM32\DNSAPI.dll
0x00007ffe47500000 - 0x00007ffe47508000 	C:\Windows\System32\NSI.dll
0x00007ffe3d9c0000 - 0x00007ffe3d9ca000 	C:\Windows\System32\rasadhlp.dll
0x00007ffe3d1c0000 - 0x00007ffe3d240000 	C:\Windows\System32\fwpuclnt.dll
0x00007ffe40390000 - 0x00007ffe403a0000 	C:\Users\lotte4\eclipse\plugins\org.eclipse.justj.openjdk.hotspot.jre.full.win32.x86_64_21.0.3.v20240426-1530\jre\bin\net.dll
0x00007ffe3e550000 - 0x00007ffe3e65a000 	C:\Windows\SYSTEM32\WINHTTP.dll
0x00007ffe3ee40000 - 0x00007ffe3ee56000 	C:\Users\lotte4\eclipse\plugins\org.eclipse.justj.openjdk.hotspot.jre.full.win32.x86_64_21.0.3.v20240426-1530\jre\bin\nio.dll
0x00007ffe3e750000 - 0x00007ffe3e760000 	C:\Users\lotte4\eclipse\plugins\org.eclipse.justj.openjdk.hotspot.jre.full.win32.x86_64_21.0.3.v20240426-1530\jre\bin\verify.dll

dbghelp: loaded successfully - version: 4.0.5 - missing functions: none
symbol engine: initialized successfully - sym options: 0x614 - pdb path: .;C:\Users\lotte4\eclipse\plugins\org.eclipse.justj.openjdk.hotspot.jre.full.win32.x86_64_21.0.3.v20240426-1530\jre\bin;C:\Windows\SYSTEM32;C:\Windows\WinSxS\amd64_microsoft.windows.common-controls_6595b64144ccf1df_6.0.19041.4355_none_60b8b9eb71f62e16;C:\Users\lotte4\eclipse\plugins\org.eclipse.justj.openjdk.hotspot.jre.full.win32.x86_64_21.0.3.v20240426-1530\jre\bin\server

VM Arguments:
jvm_args: -XX:+ShowCodeDetailsInExceptionMessages -agentlib:jdwp=transport=dt_socket,suspend=y,address=localhost:51028 -javaagent:C:\Users\lotte4\eclipse\configuration\org.eclipse.osgi\448\0\.cp\lib\javaagent-shaded.jar -Dfile.encoding=UTF-8 -Dstdout.encoding=UTF-8 -Dstderr.encoding=UTF-8 
java_command: sub2.MethodTest
java_class_path (initial): C:\Users\lotte4\Desktop\workspace\java\ch04\bin
Launcher Type: SUN_STANDARD

[Global flags]
     intx CICompilerCount                          = 4                                         {product} {ergonomic}
     uint ConcGCThreads                            = 2                                         {product} {ergonomic}
     uint G1ConcRefinementThreads                  = 8                                         {product} {ergonomic}
   size_t G1HeapRegionSize                         = 2097152                                   {product} {ergonomic}
    uintx GCDrainStackTargetSize                   = 64                                        {product} {ergonomic}
   size_t InitialHeapSize                          = 266338304                                 {product} {ergonomic}
   size_t MarkStackSize                            = 4194304                                   {product} {ergonomic}
   size_t MaxHeapSize                              = 4255121408                                {product} {ergonomic}
   size_t MaxNewSize                               = 2552233984                                {product} {ergonomic}
   size_t MinHeapDeltaBytes                        = 2097152                                   {product} {ergonomic}
   size_t MinHeapSize                              = 8388608                                   {product} {ergonomic}
    uintx NonNMethodCodeHeapSize                   = 5839372                                {pd product} {ergonomic}
    uintx NonProfiledCodeHeapSize                  = 122909434                              {pd product} {ergonomic}
    uintx ProfiledCodeHeapSize                     = 122909434                              {pd product} {ergonomic}
    uintx ReservedCodeCacheSize                    = 251658240                              {pd product} {ergonomic}
     bool SegmentedCodeCache                       = true                                      {product} {ergonomic}
     bool ShowCodeDetailsInExceptionMessages       = true                                   {manageable} {command line}
   size_t SoftMaxHeapSize                          = 4255121408                             {manageable} {ergonomic}
     bool UseCompressedOops                        = true                           {product lp64_product} {ergonomic}
     bool UseG1GC                                  = true                                      {product} {ergonomic}
     bool UseLargePagesIndividualAllocation        = false                                  {pd product} {ergonomic}

Logging:
Log output configuration:
 #0: stdout all=warning uptime,level,tags foldmultilines=false
 #1: stderr all=off uptime,level,tags foldmultilines=false

Environment Variables:
PATH=C:\Users\lotte4\eclipse\plugins\org.eclipse.justj.openjdk.hotspot.jre.full.win32.x86_64_21.0.3.v20240426-1530\jre\bin;C:/Users/lotte4/eclipse//plugins/org.eclipse.justj.openjdk.hotspot.jre.full.win32.x86_64_21.0.3.v20240426-1530/jre/bin/server;C:/Users/lotte4/eclipse//plugins/org.eclipse.justj.openjdk.hotspot.jre.full.win32.x86_64_21.0.3.v20240426-1530/jre/bin;C:\Program Files\Common Files\Oracle\Java\javapath;C:\Program Files (x86)\Common Files\Intel\Shared Libraries\redist\intel64\compiler;C:\Windows\system32;C:\Windows;C:\Windows\System32\Wbem;C:\Windows\System32\WindowsPowerShell\v1.0\;C:\Windows\System32\OpenSSH\;C:\Program Files\MySQL\MySQL Server 8.4\bin;C:\Users\lotte4\AppData\Local\Microsoft\WindowsApps;;C:\Users\lotte4\eclipse;
USERNAME=lotte4
OS=Windows_NT
PROCESSOR_IDENTIFIER=Intel64 Family 6 Model 158 Stepping 13, GenuineIntel
TMP=C:\Users\lotte4\AppData\Local\Temp
TEMP=C:\Users\lotte4\AppData\Local\Temp




Periodic native trim disabled

---------------  S Y S T E M  ---------------

OS:
 Windows 10 , 64 bit Build 19041 (10.0.19041.3636)
OS uptime: 0 days 2:18 hours

CPU: total 8 (initial active 8) (8 cores per cpu, 1 threads per core) family 6 model 158 stepping 13 microcode 0xb8, cx8, cmov, fxsr, mmx, 3dnowpref, sse, sse2, sse3, ssse3, sse4.1, sse4.2, popcnt, lzcnt, tsc, tscinvbit, avx, avx2, aes, erms, clmul, bmi1, bmi2, rtm, adx, fma, vzeroupper, clflush, clflushopt, rdtscp, f16c
Processor Information for all 8 processors :
  Max Mhz: 3000, Current Mhz: 3000, Mhz Limit: 3000

Memory: 4k page, system-wide physical 16229M (9875M free)
TotalPageFile size 18661M (AvailPageFile size 11301M)
current process WorkingSet (physical memory assigned to process): 49M, peak: 52M
current process commit charge ("private bytes"): 341M, peak: 343M

vm_info: OpenJDK 64-Bit Server VM (21.0.3+9-LTS) for windows-amd64 JRE (21.0.3+9-LTS), built on 2024-04-16T00:00:00Z by "admin" with MS VC++ 17.7 (VS2022)

END.
